xmverilog(64): 22.09-s001: (c) Copyright 1995-2022 Cadence Design Systems, Inc.
TOOL:	xmverilog	22.09-s001: Started on Jul 14, 2025 at 00:32:54 PDT
xmverilog
	-f filelist.f
		../../../../cgra_core/cta_schedule/simt_stack.sv
		../../../../dice_ram/dice_ram_1w1r.sv
		./tb_simt_stack.sv
	-sv
	-64bit
	+access+rcw
	-top
	tb_simt_stack
	-stop_on_build_error
	-timescale
	1ns/1ps
file: ../../../../cgra_core/cta_schedule/simt_stack.sv
	module worklib.simt_stack:sv
		errors: 0, warnings: 0
file: ../../../../dice_ram/dice_ram_1w1r.sv
	module worklib.dice_ram_1w1r:sv
		errors: 0, warnings: 0
file: ./tb_simt_stack.sv
	module worklib.tb_simt_stack:sv
		errors: 0, warnings: 0
	Elaborating the design hierarchy:
		Caching library 'worklib' ....... Done
xmelab: *W,DSEMEL: This SystemVerilog design will be simulated as per IEEE 1800-2009 SystemVerilog simulation semantics. Use -disable_sem2009 option for turning off SV 2009 simulation semantics.
	Building instance overlay tables: .................... Done
	Generating native compiled code:
		worklib.dice_ram_1w1r:sv <0x07589196>
			streams:   5, words:  2420
		worklib.simt_stack:sv <0x5fd83ee6>
			streams:  20, words: 14191
		worklib.tb_simt_stack:sv <0x3b869851>
			streams:  26, words: 67864
	Building instance specific data structures.
	Loading native compiled code:     .................... Done
	Design hierarchy summary:
		                 Instances  Unique
		Modules:                 3       3
		Registers:              57      57
		Scalar wires:           17       -
		Vectored wires:         18       -
		Always blocks:           6       6
		Initial blocks:          4       4
		Cont. assignments:       6       7
		Pseudo assignments:     21      21
		Simulation timescale:  1ps
	Writing initial simulation snapshot: worklib.tb_simt_stack:sv
Loading snapshot worklib.tb_simt_stack:sv .................... Done
xmsim: *W,DSEM2009: This SystemVerilog design is simulated as per IEEE 1800-2009 SystemVerilog simulation semantics. Use -disable_sem2009 option for turning off SV 2009 simulation semantics.
xcelium> source /data/eda_tools/cadence/XCELIUM2209/tools/xcelium/files/xmsimrc
xcelium> run
=== SIMT Stack Testbench Started ===
Time=9000: empty=1, full=0, top_pc=0xxxxxxxxxxxxxxxxx
Time=11000: empty=1, full=0, top_pc=0xxxxxxxxxxxxxxxxx

--- Test 1: Reset State ---
Time=14000: empty=1, full=0, top_pc=0xxxxxxxxxxxxxxxxx
✓ Reset State: STATUS OK - empty=1, full=0
✓ Reset top outputs are zero and out_valid is false

--- Test 2: Single Push ---
Time=16000: empty=1, full=0, top_pc=0xxxxxxxxxxxxxxxxx
Time=19000: empty=1, full=0, top_pc=0xxxxxxxxxxxxxxxxx
Pushed entry 0: PC=0x0000000000001000, ReconvPC=0x0000000000002000, Mask=0x0000000000000000000000000000000000000000000000000000000000000001
Time=21000: empty=0, full=0, top_pc=0xxxxxxxxxxxxxxxxx
✓ After Single Push: STATUS OK - empty=0, full=0
Time=24000: empty=0, full=0, top_pc=0xxxxxxxxxxxxxxxxx
Time=26000: empty=0, full=0, top_pc=0xxxxxxxxxxxxxxxxx
Time=29000: empty=0, full=0, top_pc=0x0000000000001000
✓ Single Push Top: TOP MATCH - PC=0x0000000000001000, ReconvPC=0x0000000000002000, Mask=0x0000000000000000000000000000000000000000000000000000000000000001

--- Test 3: Modify Top ---
Time=31000: empty=0, full=0, top_pc=0x0000000000001000
Time=34000: empty=0, full=0, top_pc=0x0000000000001000
Modified top with entry 1: PC=0x0000000000001010, ReconvPC=0x0000000000002010, Mask=0x0000000000000000000000000000000000000000000000000000000000000002
Time=36000: empty=0, full=0, top_pc=0x0000000000001000
✓ After Modify Top: STATUS OK - empty=0, full=0
Time=39000: empty=0, full=0, top_pc=0x0000000000001000
Time=41000: empty=0, full=0, top_pc=0x0000000000001000
Time=44000: empty=0, full=0, top_pc=0x0000000000001010
✓ Modified Top: TOP MATCH - PC=0x0000000000001010, ReconvPC=0x0000000000002010, Mask=0x0000000000000000000000000000000000000000000000000000000000000002

--- Test 4: Single Pop ---
Time=46000: empty=0, full=0, top_pc=0x0000000000001010
Time=49000: empty=0, full=0, top_pc=0x0000000000001010
Popped entry
Time=51000: empty=1, full=0, top_pc=0x0000000000001010
✓ After Single Pop: STATUS OK - empty=1, full=0

--- Test 5: Fill Stack Completely ---
Time=54000: empty=1, full=0, top_pc=0x0000000000001010
Time=56000: empty=1, full=0, top_pc=0x0000000000001010
Pushed entry 0: PC=0x0000000000001000, ReconvPC=0x0000000000002000, Mask=0x0000000000000000000000000000000000000000000000000000000000000001
Time=59000: empty=0, full=0, top_pc=0x0000000000001010
Time=61000: empty=0, full=0, top_pc=0x0000000000001010
Pushed entry 1: PC=0x0000000000001010, ReconvPC=0x0000000000002010, Mask=0x0000000000000000000000000000000000000000000000000000000000000002
Time=64000: empty=0, full=0, top_pc=0x0000000000001010
Time=66000: empty=0, full=0, top_pc=0x0000000000001010
Pushed entry 2: PC=0x0000000000001020, ReconvPC=0x0000000000002020, Mask=0x0000000000000000000000000000000000000000000000000000000000000004
Time=69000: empty=0, full=0, top_pc=0x0000000000001010
Time=71000: empty=0, full=0, top_pc=0x0000000000001010
Pushed entry 3: PC=0x0000000000001030, ReconvPC=0x0000000000002030, Mask=0x0000000000000000000000000000000000000000000000000000000000000008
Time=74000: empty=0, full=0, top_pc=0x0000000000001010
Time=76000: empty=0, full=0, top_pc=0x0000000000001010
Pushed entry 4: PC=0x0000000000001040, ReconvPC=0x0000000000002040, Mask=0x0000000000000000000000000000000000000000000000000000000000000010
Time=79000: empty=0, full=0, top_pc=0x0000000000001010
Time=81000: empty=0, full=0, top_pc=0x0000000000001010
Pushed entry 5: PC=0x0000000000001050, ReconvPC=0x0000000000002050, Mask=0x0000000000000000000000000000000000000000000000000000000000000020
Time=84000: empty=0, full=0, top_pc=0x0000000000001010
Time=86000: empty=0, full=0, top_pc=0x0000000000001010
Pushed entry 6: PC=0x0000000000001060, ReconvPC=0x0000000000002060, Mask=0x0000000000000000000000000000000000000000000000000000000000000040
Time=89000: empty=0, full=0, top_pc=0x0000000000001010
Time=91000: empty=0, full=0, top_pc=0x0000000000001010
Pushed entry 7: PC=0x0000000000001070, ReconvPC=0x0000000000002070, Mask=0x0000000000000000000000000000000000000000000000000000000000000080
Time=94000: empty=0, full=0, top_pc=0x0000000000001010
Time=96000: empty=0, full=0, top_pc=0x0000000000001010
Pushed entry 8: PC=0x0000000000001080, ReconvPC=0x0000000000002080, Mask=0x0000000000000000000000000000000000000000000000000000000000000100
Time=99000: empty=0, full=0, top_pc=0x0000000000001010
Time=101000: empty=0, full=0, top_pc=0x0000000000001010
Pushed entry 9: PC=0x0000000000001090, ReconvPC=0x0000000000002090, Mask=0x0000000000000000000000000000000000000000000000000000000000000200
Time=104000: empty=0, full=0, top_pc=0x0000000000001010
Time=106000: empty=0, full=0, top_pc=0x0000000000001010
Pushed entry 10: PC=0x00000000000010a0, ReconvPC=0x00000000000020a0, Mask=0x0000000000000000000000000000000000000000000000000000000000000400
Time=109000: empty=0, full=0, top_pc=0x0000000000001010
Time=111000: empty=0, full=0, top_pc=0x0000000000001010
Pushed entry 11: PC=0x00000000000010b0, ReconvPC=0x00000000000020b0, Mask=0x0000000000000000000000000000000000000000000000000000000000000800
Time=114000: empty=0, full=0, top_pc=0x0000000000001010
Time=116000: empty=0, full=0, top_pc=0x0000000000001010
Pushed entry 12: PC=0x00000000000010c0, ReconvPC=0x00000000000020c0, Mask=0x0000000000000000000000000000000000000000000000000000000000001000
Time=119000: empty=0, full=0, top_pc=0x0000000000001010
Time=121000: empty=0, full=0, top_pc=0x0000000000001010
Pushed entry 13: PC=0x00000000000010d0, ReconvPC=0x00000000000020d0, Mask=0x0000000000000000000000000000000000000000000000000000000000002000
Time=124000: empty=0, full=0, top_pc=0x0000000000001010
Time=126000: empty=0, full=0, top_pc=0x0000000000001010
Pushed entry 14: PC=0x00000000000010e0, ReconvPC=0x00000000000020e0, Mask=0x0000000000000000000000000000000000000000000000000000000000004000
Time=129000: empty=0, full=0, top_pc=0x0000000000001010
Time=131000: empty=0, full=0, top_pc=0x0000000000001010
Pushed entry 15: PC=0x00000000000010f0, ReconvPC=0x00000000000020f0, Mask=0x0000000000000000000000000000000000000000000000000000000000008000
Time=134000: empty=0, full=0, top_pc=0x0000000000001010
Time=136000: empty=0, full=0, top_pc=0x0000000000001010
Pushed entry 16: PC=0x0000000000001100, ReconvPC=0x0000000000002100, Mask=0x0000000000000000000000000000000000000000000000000000000000010000
Time=139000: empty=0, full=0, top_pc=0x0000000000001010
Time=141000: empty=0, full=0, top_pc=0x0000000000001010
Pushed entry 17: PC=0x0000000000001110, ReconvPC=0x0000000000002110, Mask=0x0000000000000000000000000000000000000000000000000000000000020000
Time=144000: empty=0, full=0, top_pc=0x0000000000001010
Time=146000: empty=0, full=0, top_pc=0x0000000000001010
Pushed entry 18: PC=0x0000000000001120, ReconvPC=0x0000000000002120, Mask=0x0000000000000000000000000000000000000000000000000000000000040000
Time=149000: empty=0, full=0, top_pc=0x0000000000001010
Time=151000: empty=0, full=0, top_pc=0x0000000000001010
Pushed entry 19: PC=0x0000000000001130, ReconvPC=0x0000000000002130, Mask=0x0000000000000000000000000000000000000000000000000000000000080000
Time=154000: empty=0, full=0, top_pc=0x0000000000001010
Time=156000: empty=0, full=0, top_pc=0x0000000000001010
Pushed entry 20: PC=0x0000000000001140, ReconvPC=0x0000000000002140, Mask=0x0000000000000000000000000000000000000000000000000000000000100000
Time=159000: empty=0, full=0, top_pc=0x0000000000001010
Time=161000: empty=0, full=0, top_pc=0x0000000000001010
Pushed entry 21: PC=0x0000000000001150, ReconvPC=0x0000000000002150, Mask=0x0000000000000000000000000000000000000000000000000000000000200000
Time=164000: empty=0, full=0, top_pc=0x0000000000001010
Time=166000: empty=0, full=0, top_pc=0x0000000000001010
Pushed entry 22: PC=0x0000000000001160, ReconvPC=0x0000000000002160, Mask=0x0000000000000000000000000000000000000000000000000000000000400000
Time=169000: empty=0, full=0, top_pc=0x0000000000001010
Time=171000: empty=0, full=0, top_pc=0x0000000000001010
Pushed entry 23: PC=0x0000000000001170, ReconvPC=0x0000000000002170, Mask=0x0000000000000000000000000000000000000000000000000000000000800000
Time=174000: empty=0, full=0, top_pc=0x0000000000001010
Time=176000: empty=0, full=0, top_pc=0x0000000000001010
Pushed entry 24: PC=0x0000000000001180, ReconvPC=0x0000000000002180, Mask=0x0000000000000000000000000000000000000000000000000000000001000000
Time=179000: empty=0, full=0, top_pc=0x0000000000001010
Time=181000: empty=0, full=0, top_pc=0x0000000000001010
Pushed entry 25: PC=0x0000000000001190, ReconvPC=0x0000000000002190, Mask=0x0000000000000000000000000000000000000000000000000000000002000000
Time=184000: empty=0, full=0, top_pc=0x0000000000001010
Time=186000: empty=0, full=0, top_pc=0x0000000000001010
Pushed entry 26: PC=0x00000000000011a0, ReconvPC=0x00000000000021a0, Mask=0x0000000000000000000000000000000000000000000000000000000004000000
Time=189000: empty=0, full=0, top_pc=0x0000000000001010
Time=191000: empty=0, full=0, top_pc=0x0000000000001010
Pushed entry 27: PC=0x00000000000011b0, ReconvPC=0x00000000000021b0, Mask=0x0000000000000000000000000000000000000000000000000000000008000000
Time=194000: empty=0, full=0, top_pc=0x0000000000001010
Time=196000: empty=0, full=0, top_pc=0x0000000000001010
Pushed entry 28: PC=0x00000000000011c0, ReconvPC=0x00000000000021c0, Mask=0x0000000000000000000000000000000000000000000000000000000010000000
Time=199000: empty=0, full=0, top_pc=0x0000000000001010
Time=201000: empty=0, full=0, top_pc=0x0000000000001010
Pushed entry 29: PC=0x00000000000011d0, ReconvPC=0x00000000000021d0, Mask=0x0000000000000000000000000000000000000000000000000000000020000000
Time=204000: empty=0, full=0, top_pc=0x0000000000001010
Time=206000: empty=0, full=0, top_pc=0x0000000000001010
Pushed entry 30: PC=0x00000000000011e0, ReconvPC=0x00000000000021e0, Mask=0x0000000000000000000000000000000000000000000000000000000040000000
Time=209000: empty=0, full=0, top_pc=0x0000000000001010
Time=211000: empty=0, full=0, top_pc=0x0000000000001010
Pushed entry 31: PC=0x00000000000011f0, ReconvPC=0x00000000000021f0, Mask=0x0000000000000000000000000000000000000000000000000000000080000000
Time=214000: empty=0, full=1, top_pc=0x0000000000001010
✓ Full Stack: STATUS OK - empty=0, full=1
Time=216000: empty=0, full=1, top_pc=0x0000000000001010
Time=219000: empty=0, full=1, top_pc=0x0000000000001010
Time=221000: empty=0, full=1, top_pc=0x00000000000011f0
✓ Full Stack Top: TOP MATCH - PC=0x00000000000011f0, ReconvPC=0x00000000000021f0, Mask=0x0000000000000000000000000000000000000000000000000000000080000000

--- Test 6: Push When Full ---
Time=224000: empty=0, full=1, top_pc=0x00000000000011f0
Time=226000: empty=0, full=1, top_pc=0x00000000000011f0
xmsim: *E,ERRSEV (/data/jwang710/dice-rtl/cgra_core/cta_schedule/simt_stack.sv,155): (time 226250 PS).
tb_simt_stack.dut
SIMT Stack overflow: trying to push when stack is full
Time=229000: empty=0, full=1, top_pc=0x00000000000011f0
✓ Push When Full: STATUS OK - empty=0, full=1
Time=231000: empty=0, full=1, top_pc=0x00000000000011f0
Time=234000: empty=0, full=1, top_pc=0x00000000000011f0
Time=236000: empty=0, full=1, top_pc=0x00000000000011f0
✓ Push When Full Top: TOP MATCH - PC=0x00000000000011f0, ReconvPC=0x00000000000021f0, Mask=0x0000000000000000000000000000000000000000000000000000000080000000

--- Test 7: Pop From Full Stack ---
Time=239000: empty=0, full=1, top_pc=0x00000000000011f0
Time=241000: empty=0, full=1, top_pc=0x00000000000011f0
Popped entry
Time=244000: empty=0, full=0, top_pc=0x00000000000011f0
✓ After Pop From Full: STATUS OK - empty=0, full=0
Time=246000: empty=0, full=0, top_pc=0x00000000000011f0
Time=249000: empty=0, full=0, top_pc=0x00000000000011f0
Time=251000: empty=0, full=0, top_pc=0x00000000000011e0
✓ Pop From Full Top: TOP MATCH - PC=0x00000000000011e0, ReconvPC=0x00000000000021e0, Mask=0x0000000000000000000000000000000000000000000000000000000040000000

--- Test 8: Pop All Entries ---
Time=254000: empty=0, full=0, top_pc=0x00000000000011e0
Time=256000: empty=0, full=0, top_pc=0x00000000000011e0
Time=259000: empty=0, full=0, top_pc=0x00000000000011e0
✓ Before Pop 30: TOP MATCH - PC=0x00000000000011e0, ReconvPC=0x00000000000021e0, Mask=0x0000000000000000000000000000000000000000000000000000000040000000
Time=261000: empty=0, full=0, top_pc=0x00000000000011e0
Time=264000: empty=0, full=0, top_pc=0x00000000000011e0
Popped entry
Time=266000: empty=0, full=0, top_pc=0x00000000000011e0
✓ After Pop 1: STATUS OK - empty=0, full=0
Time=269000: empty=0, full=0, top_pc=0x00000000000011e0
Time=271000: empty=0, full=0, top_pc=0x00000000000011e0
Time=274000: empty=0, full=0, top_pc=0x00000000000011d0
✓ After Pop 1 Top: TOP MATCH - PC=0x00000000000011d0, ReconvPC=0x00000000000021d0, Mask=0x0000000000000000000000000000000000000000000000000000000020000000
Time=276000: empty=0, full=0, top_pc=0x00000000000011d0
Time=279000: empty=0, full=0, top_pc=0x00000000000011d0
Time=281000: empty=0, full=0, top_pc=0x00000000000011d0
✓ Before Pop 29: TOP MATCH - PC=0x00000000000011d0, ReconvPC=0x00000000000021d0, Mask=0x0000000000000000000000000000000000000000000000000000000020000000
Time=284000: empty=0, full=0, top_pc=0x00000000000011d0
Time=286000: empty=0, full=0, top_pc=0x00000000000011d0
Popped entry
Time=289000: empty=0, full=0, top_pc=0x00000000000011d0
✓ After Pop 2: STATUS OK - empty=0, full=0
Time=291000: empty=0, full=0, top_pc=0x00000000000011d0
Time=294000: empty=0, full=0, top_pc=0x00000000000011d0
Time=296000: empty=0, full=0, top_pc=0x00000000000011c0
✓ After Pop 2 Top: TOP MATCH - PC=0x00000000000011c0, ReconvPC=0x00000000000021c0, Mask=0x0000000000000000000000000000000000000000000000000000000010000000
Time=299000: empty=0, full=0, top_pc=0x00000000000011c0
Time=301000: empty=0, full=0, top_pc=0x00000000000011c0
Time=304000: empty=0, full=0, top_pc=0x00000000000011c0
✓ Before Pop 28: TOP MATCH - PC=0x00000000000011c0, ReconvPC=0x00000000000021c0, Mask=0x0000000000000000000000000000000000000000000000000000000010000000
Time=306000: empty=0, full=0, top_pc=0x00000000000011c0
Time=309000: empty=0, full=0, top_pc=0x00000000000011c0
Popped entry
Time=311000: empty=0, full=0, top_pc=0x00000000000011c0
✓ After Pop 3: STATUS OK - empty=0, full=0
Time=314000: empty=0, full=0, top_pc=0x00000000000011c0
Time=316000: empty=0, full=0, top_pc=0x00000000000011c0
Time=319000: empty=0, full=0, top_pc=0x00000000000011b0
✓ After Pop 3 Top: TOP MATCH - PC=0x00000000000011b0, ReconvPC=0x00000000000021b0, Mask=0x0000000000000000000000000000000000000000000000000000000008000000
Time=321000: empty=0, full=0, top_pc=0x00000000000011b0
Time=324000: empty=0, full=0, top_pc=0x00000000000011b0
Time=326000: empty=0, full=0, top_pc=0x00000000000011b0
✓ Before Pop 27: TOP MATCH - PC=0x00000000000011b0, ReconvPC=0x00000000000021b0, Mask=0x0000000000000000000000000000000000000000000000000000000008000000
Time=329000: empty=0, full=0, top_pc=0x00000000000011b0
Time=331000: empty=0, full=0, top_pc=0x00000000000011b0
Popped entry
Time=334000: empty=0, full=0, top_pc=0x00000000000011b0
✓ After Pop 4: STATUS OK - empty=0, full=0
Time=336000: empty=0, full=0, top_pc=0x00000000000011b0
Time=339000: empty=0, full=0, top_pc=0x00000000000011b0
Time=341000: empty=0, full=0, top_pc=0x00000000000011a0
✓ After Pop 4 Top: TOP MATCH - PC=0x00000000000011a0, ReconvPC=0x00000000000021a0, Mask=0x0000000000000000000000000000000000000000000000000000000004000000
Time=344000: empty=0, full=0, top_pc=0x00000000000011a0
Time=346000: empty=0, full=0, top_pc=0x00000000000011a0
Time=349000: empty=0, full=0, top_pc=0x00000000000011a0
✓ Before Pop 26: TOP MATCH - PC=0x00000000000011a0, ReconvPC=0x00000000000021a0, Mask=0x0000000000000000000000000000000000000000000000000000000004000000
Time=351000: empty=0, full=0, top_pc=0x00000000000011a0
Time=354000: empty=0, full=0, top_pc=0x00000000000011a0
Popped entry
Time=356000: empty=0, full=0, top_pc=0x00000000000011a0
✓ After Pop 5: STATUS OK - empty=0, full=0
Time=359000: empty=0, full=0, top_pc=0x00000000000011a0
Time=361000: empty=0, full=0, top_pc=0x00000000000011a0
Time=364000: empty=0, full=0, top_pc=0x0000000000001190
✓ After Pop 5 Top: TOP MATCH - PC=0x0000000000001190, ReconvPC=0x0000000000002190, Mask=0x0000000000000000000000000000000000000000000000000000000002000000
Time=366000: empty=0, full=0, top_pc=0x0000000000001190
Time=369000: empty=0, full=0, top_pc=0x0000000000001190
Time=371000: empty=0, full=0, top_pc=0x0000000000001190
✓ Before Pop 25: TOP MATCH - PC=0x0000000000001190, ReconvPC=0x0000000000002190, Mask=0x0000000000000000000000000000000000000000000000000000000002000000
Time=374000: empty=0, full=0, top_pc=0x0000000000001190
Time=376000: empty=0, full=0, top_pc=0x0000000000001190
Popped entry
Time=379000: empty=0, full=0, top_pc=0x0000000000001190
✓ After Pop 6: STATUS OK - empty=0, full=0
Time=381000: empty=0, full=0, top_pc=0x0000000000001190
Time=384000: empty=0, full=0, top_pc=0x0000000000001190
Time=386000: empty=0, full=0, top_pc=0x0000000000001180
✓ After Pop 6 Top: TOP MATCH - PC=0x0000000000001180, ReconvPC=0x0000000000002180, Mask=0x0000000000000000000000000000000000000000000000000000000001000000
Time=389000: empty=0, full=0, top_pc=0x0000000000001180
Time=391000: empty=0, full=0, top_pc=0x0000000000001180
Time=394000: empty=0, full=0, top_pc=0x0000000000001180
✓ Before Pop 24: TOP MATCH - PC=0x0000000000001180, ReconvPC=0x0000000000002180, Mask=0x0000000000000000000000000000000000000000000000000000000001000000
Time=396000: empty=0, full=0, top_pc=0x0000000000001180
Time=399000: empty=0, full=0, top_pc=0x0000000000001180
Popped entry
Time=401000: empty=0, full=0, top_pc=0x0000000000001180
✓ After Pop 7: STATUS OK - empty=0, full=0
Time=404000: empty=0, full=0, top_pc=0x0000000000001180
Time=406000: empty=0, full=0, top_pc=0x0000000000001180
Time=409000: empty=0, full=0, top_pc=0x0000000000001170
✓ After Pop 7 Top: TOP MATCH - PC=0x0000000000001170, ReconvPC=0x0000000000002170, Mask=0x0000000000000000000000000000000000000000000000000000000000800000
Time=411000: empty=0, full=0, top_pc=0x0000000000001170
Time=414000: empty=0, full=0, top_pc=0x0000000000001170
Time=416000: empty=0, full=0, top_pc=0x0000000000001170
✓ Before Pop 23: TOP MATCH - PC=0x0000000000001170, ReconvPC=0x0000000000002170, Mask=0x0000000000000000000000000000000000000000000000000000000000800000
Time=419000: empty=0, full=0, top_pc=0x0000000000001170
Time=421000: empty=0, full=0, top_pc=0x0000000000001170
Popped entry
Time=424000: empty=0, full=0, top_pc=0x0000000000001170
✓ After Pop 8: STATUS OK - empty=0, full=0
Time=426000: empty=0, full=0, top_pc=0x0000000000001170
Time=429000: empty=0, full=0, top_pc=0x0000000000001170
Time=431000: empty=0, full=0, top_pc=0x0000000000001160
✓ After Pop 8 Top: TOP MATCH - PC=0x0000000000001160, ReconvPC=0x0000000000002160, Mask=0x0000000000000000000000000000000000000000000000000000000000400000
Time=434000: empty=0, full=0, top_pc=0x0000000000001160
Time=436000: empty=0, full=0, top_pc=0x0000000000001160
Time=439000: empty=0, full=0, top_pc=0x0000000000001160
✓ Before Pop 22: TOP MATCH - PC=0x0000000000001160, ReconvPC=0x0000000000002160, Mask=0x0000000000000000000000000000000000000000000000000000000000400000
Time=441000: empty=0, full=0, top_pc=0x0000000000001160
Time=444000: empty=0, full=0, top_pc=0x0000000000001160
Popped entry
Time=446000: empty=0, full=0, top_pc=0x0000000000001160
✓ After Pop 9: STATUS OK - empty=0, full=0
Time=449000: empty=0, full=0, top_pc=0x0000000000001160
Time=451000: empty=0, full=0, top_pc=0x0000000000001160
Time=454000: empty=0, full=0, top_pc=0x0000000000001150
✓ After Pop 9 Top: TOP MATCH - PC=0x0000000000001150, ReconvPC=0x0000000000002150, Mask=0x0000000000000000000000000000000000000000000000000000000000200000
Time=456000: empty=0, full=0, top_pc=0x0000000000001150
Time=459000: empty=0, full=0, top_pc=0x0000000000001150
Time=461000: empty=0, full=0, top_pc=0x0000000000001150
✓ Before Pop 21: TOP MATCH - PC=0x0000000000001150, ReconvPC=0x0000000000002150, Mask=0x0000000000000000000000000000000000000000000000000000000000200000
Time=464000: empty=0, full=0, top_pc=0x0000000000001150
Time=466000: empty=0, full=0, top_pc=0x0000000000001150
Popped entry
Time=469000: empty=0, full=0, top_pc=0x0000000000001150
✓ After Pop 10: STATUS OK - empty=0, full=0
Time=471000: empty=0, full=0, top_pc=0x0000000000001150
Time=474000: empty=0, full=0, top_pc=0x0000000000001150
Time=476000: empty=0, full=0, top_pc=0x0000000000001140
✓ After Pop 10 Top: TOP MATCH - PC=0x0000000000001140, ReconvPC=0x0000000000002140, Mask=0x0000000000000000000000000000000000000000000000000000000000100000
Time=479000: empty=0, full=0, top_pc=0x0000000000001140
Time=481000: empty=0, full=0, top_pc=0x0000000000001140
Time=484000: empty=0, full=0, top_pc=0x0000000000001140
✓ Before Pop 20: TOP MATCH - PC=0x0000000000001140, ReconvPC=0x0000000000002140, Mask=0x0000000000000000000000000000000000000000000000000000000000100000
Time=486000: empty=0, full=0, top_pc=0x0000000000001140
Time=489000: empty=0, full=0, top_pc=0x0000000000001140
Popped entry
Time=491000: empty=0, full=0, top_pc=0x0000000000001140
✓ After Pop 11: STATUS OK - empty=0, full=0
Time=494000: empty=0, full=0, top_pc=0x0000000000001140
Time=496000: empty=0, full=0, top_pc=0x0000000000001140
Time=499000: empty=0, full=0, top_pc=0x0000000000001130
✓ After Pop 11 Top: TOP MATCH - PC=0x0000000000001130, ReconvPC=0x0000000000002130, Mask=0x0000000000000000000000000000000000000000000000000000000000080000
Time=501000: empty=0, full=0, top_pc=0x0000000000001130
Time=504000: empty=0, full=0, top_pc=0x0000000000001130
Time=506000: empty=0, full=0, top_pc=0x0000000000001130
✓ Before Pop 19: TOP MATCH - PC=0x0000000000001130, ReconvPC=0x0000000000002130, Mask=0x0000000000000000000000000000000000000000000000000000000000080000
Time=509000: empty=0, full=0, top_pc=0x0000000000001130
Time=511000: empty=0, full=0, top_pc=0x0000000000001130
Popped entry
Time=514000: empty=0, full=0, top_pc=0x0000000000001130
✓ After Pop 12: STATUS OK - empty=0, full=0
Time=516000: empty=0, full=0, top_pc=0x0000000000001130
Time=519000: empty=0, full=0, top_pc=0x0000000000001130
Time=521000: empty=0, full=0, top_pc=0x0000000000001120
✓ After Pop 12 Top: TOP MATCH - PC=0x0000000000001120, ReconvPC=0x0000000000002120, Mask=0x0000000000000000000000000000000000000000000000000000000000040000
Time=524000: empty=0, full=0, top_pc=0x0000000000001120
Time=526000: empty=0, full=0, top_pc=0x0000000000001120
Time=529000: empty=0, full=0, top_pc=0x0000000000001120
✓ Before Pop 18: TOP MATCH - PC=0x0000000000001120, ReconvPC=0x0000000000002120, Mask=0x0000000000000000000000000000000000000000000000000000000000040000
Time=531000: empty=0, full=0, top_pc=0x0000000000001120
Time=534000: empty=0, full=0, top_pc=0x0000000000001120
Popped entry
Time=536000: empty=0, full=0, top_pc=0x0000000000001120
✓ After Pop 13: STATUS OK - empty=0, full=0
Time=539000: empty=0, full=0, top_pc=0x0000000000001120
Time=541000: empty=0, full=0, top_pc=0x0000000000001120
Time=544000: empty=0, full=0, top_pc=0x0000000000001110
✓ After Pop 13 Top: TOP MATCH - PC=0x0000000000001110, ReconvPC=0x0000000000002110, Mask=0x0000000000000000000000000000000000000000000000000000000000020000
Time=546000: empty=0, full=0, top_pc=0x0000000000001110
Time=549000: empty=0, full=0, top_pc=0x0000000000001110
Time=551000: empty=0, full=0, top_pc=0x0000000000001110
✓ Before Pop 17: TOP MATCH - PC=0x0000000000001110, ReconvPC=0x0000000000002110, Mask=0x0000000000000000000000000000000000000000000000000000000000020000
Time=554000: empty=0, full=0, top_pc=0x0000000000001110
Time=556000: empty=0, full=0, top_pc=0x0000000000001110
Popped entry
Time=559000: empty=0, full=0, top_pc=0x0000000000001110
✓ After Pop 14: STATUS OK - empty=0, full=0
Time=561000: empty=0, full=0, top_pc=0x0000000000001110
Time=564000: empty=0, full=0, top_pc=0x0000000000001110
Time=566000: empty=0, full=0, top_pc=0x0000000000001100
✓ After Pop 14 Top: TOP MATCH - PC=0x0000000000001100, ReconvPC=0x0000000000002100, Mask=0x0000000000000000000000000000000000000000000000000000000000010000
Time=569000: empty=0, full=0, top_pc=0x0000000000001100
Time=571000: empty=0, full=0, top_pc=0x0000000000001100
Time=574000: empty=0, full=0, top_pc=0x0000000000001100
✓ Before Pop 16: TOP MATCH - PC=0x0000000000001100, ReconvPC=0x0000000000002100, Mask=0x0000000000000000000000000000000000000000000000000000000000010000
Time=576000: empty=0, full=0, top_pc=0x0000000000001100
Time=579000: empty=0, full=0, top_pc=0x0000000000001100
Popped entry
Time=581000: empty=0, full=0, top_pc=0x0000000000001100
✓ After Pop 15: STATUS OK - empty=0, full=0
Time=584000: empty=0, full=0, top_pc=0x0000000000001100
Time=586000: empty=0, full=0, top_pc=0x0000000000001100
Time=589000: empty=0, full=0, top_pc=0x00000000000010f0
✓ After Pop 15 Top: TOP MATCH - PC=0x00000000000010f0, ReconvPC=0x00000000000020f0, Mask=0x0000000000000000000000000000000000000000000000000000000000008000
Time=591000: empty=0, full=0, top_pc=0x00000000000010f0
Time=594000: empty=0, full=0, top_pc=0x00000000000010f0
Time=596000: empty=0, full=0, top_pc=0x00000000000010f0
✓ Before Pop 15: TOP MATCH - PC=0x00000000000010f0, ReconvPC=0x00000000000020f0, Mask=0x0000000000000000000000000000000000000000000000000000000000008000
Time=599000: empty=0, full=0, top_pc=0x00000000000010f0
Time=601000: empty=0, full=0, top_pc=0x00000000000010f0
Popped entry
Time=604000: empty=0, full=0, top_pc=0x00000000000010f0
✓ After Pop 16: STATUS OK - empty=0, full=0
Time=606000: empty=0, full=0, top_pc=0x00000000000010f0
Time=609000: empty=0, full=0, top_pc=0x00000000000010f0
Time=611000: empty=0, full=0, top_pc=0x00000000000010e0
✓ After Pop 16 Top: TOP MATCH - PC=0x00000000000010e0, ReconvPC=0x00000000000020e0, Mask=0x0000000000000000000000000000000000000000000000000000000000004000
Time=614000: empty=0, full=0, top_pc=0x00000000000010e0
Time=616000: empty=0, full=0, top_pc=0x00000000000010e0
Time=619000: empty=0, full=0, top_pc=0x00000000000010e0
✓ Before Pop 14: TOP MATCH - PC=0x00000000000010e0, ReconvPC=0x00000000000020e0, Mask=0x0000000000000000000000000000000000000000000000000000000000004000
Time=621000: empty=0, full=0, top_pc=0x00000000000010e0
Time=624000: empty=0, full=0, top_pc=0x00000000000010e0
Popped entry
Time=626000: empty=0, full=0, top_pc=0x00000000000010e0
✓ After Pop 17: STATUS OK - empty=0, full=0
Time=629000: empty=0, full=0, top_pc=0x00000000000010e0
Time=631000: empty=0, full=0, top_pc=0x00000000000010e0
Time=634000: empty=0, full=0, top_pc=0x00000000000010d0
✓ After Pop 17 Top: TOP MATCH - PC=0x00000000000010d0, ReconvPC=0x00000000000020d0, Mask=0x0000000000000000000000000000000000000000000000000000000000002000
Time=636000: empty=0, full=0, top_pc=0x00000000000010d0
Time=639000: empty=0, full=0, top_pc=0x00000000000010d0
Time=641000: empty=0, full=0, top_pc=0x00000000000010d0
✓ Before Pop 13: TOP MATCH - PC=0x00000000000010d0, ReconvPC=0x00000000000020d0, Mask=0x0000000000000000000000000000000000000000000000000000000000002000
Time=644000: empty=0, full=0, top_pc=0x00000000000010d0
Time=646000: empty=0, full=0, top_pc=0x00000000000010d0
Popped entry
Time=649000: empty=0, full=0, top_pc=0x00000000000010d0
✓ After Pop 18: STATUS OK - empty=0, full=0
Time=651000: empty=0, full=0, top_pc=0x00000000000010d0
Time=654000: empty=0, full=0, top_pc=0x00000000000010d0
Time=656000: empty=0, full=0, top_pc=0x00000000000010c0
✓ After Pop 18 Top: TOP MATCH - PC=0x00000000000010c0, ReconvPC=0x00000000000020c0, Mask=0x0000000000000000000000000000000000000000000000000000000000001000
Time=659000: empty=0, full=0, top_pc=0x00000000000010c0
Time=661000: empty=0, full=0, top_pc=0x00000000000010c0
Time=664000: empty=0, full=0, top_pc=0x00000000000010c0
✓ Before Pop 12: TOP MATCH - PC=0x00000000000010c0, ReconvPC=0x00000000000020c0, Mask=0x0000000000000000000000000000000000000000000000000000000000001000
Time=666000: empty=0, full=0, top_pc=0x00000000000010c0
Time=669000: empty=0, full=0, top_pc=0x00000000000010c0
Popped entry
Time=671000: empty=0, full=0, top_pc=0x00000000000010c0
✓ After Pop 19: STATUS OK - empty=0, full=0
Time=674000: empty=0, full=0, top_pc=0x00000000000010c0
Time=676000: empty=0, full=0, top_pc=0x00000000000010c0
Time=679000: empty=0, full=0, top_pc=0x00000000000010b0
✓ After Pop 19 Top: TOP MATCH - PC=0x00000000000010b0, ReconvPC=0x00000000000020b0, Mask=0x0000000000000000000000000000000000000000000000000000000000000800
Time=681000: empty=0, full=0, top_pc=0x00000000000010b0
Time=684000: empty=0, full=0, top_pc=0x00000000000010b0
Time=686000: empty=0, full=0, top_pc=0x00000000000010b0
✓ Before Pop 11: TOP MATCH - PC=0x00000000000010b0, ReconvPC=0x00000000000020b0, Mask=0x0000000000000000000000000000000000000000000000000000000000000800
Time=689000: empty=0, full=0, top_pc=0x00000000000010b0
Time=691000: empty=0, full=0, top_pc=0x00000000000010b0
Popped entry
Time=694000: empty=0, full=0, top_pc=0x00000000000010b0
✓ After Pop 20: STATUS OK - empty=0, full=0
Time=696000: empty=0, full=0, top_pc=0x00000000000010b0
Time=699000: empty=0, full=0, top_pc=0x00000000000010b0
Time=701000: empty=0, full=0, top_pc=0x00000000000010a0
✓ After Pop 20 Top: TOP MATCH - PC=0x00000000000010a0, ReconvPC=0x00000000000020a0, Mask=0x0000000000000000000000000000000000000000000000000000000000000400
Time=704000: empty=0, full=0, top_pc=0x00000000000010a0
Time=706000: empty=0, full=0, top_pc=0x00000000000010a0
Time=709000: empty=0, full=0, top_pc=0x00000000000010a0
✓ Before Pop 10: TOP MATCH - PC=0x00000000000010a0, ReconvPC=0x00000000000020a0, Mask=0x0000000000000000000000000000000000000000000000000000000000000400
Time=711000: empty=0, full=0, top_pc=0x00000000000010a0
Time=714000: empty=0, full=0, top_pc=0x00000000000010a0
Popped entry
Time=716000: empty=0, full=0, top_pc=0x00000000000010a0
✓ After Pop 21: STATUS OK - empty=0, full=0
Time=719000: empty=0, full=0, top_pc=0x00000000000010a0
Time=721000: empty=0, full=0, top_pc=0x00000000000010a0
Time=724000: empty=0, full=0, top_pc=0x0000000000001090
✓ After Pop 21 Top: TOP MATCH - PC=0x0000000000001090, ReconvPC=0x0000000000002090, Mask=0x0000000000000000000000000000000000000000000000000000000000000200
Time=726000: empty=0, full=0, top_pc=0x0000000000001090
Time=729000: empty=0, full=0, top_pc=0x0000000000001090
Time=731000: empty=0, full=0, top_pc=0x0000000000001090
✓ Before Pop 9: TOP MATCH - PC=0x0000000000001090, ReconvPC=0x0000000000002090, Mask=0x0000000000000000000000000000000000000000000000000000000000000200
Time=734000: empty=0, full=0, top_pc=0x0000000000001090
Time=736000: empty=0, full=0, top_pc=0x0000000000001090
Popped entry
Time=739000: empty=0, full=0, top_pc=0x0000000000001090
✓ After Pop 22: STATUS OK - empty=0, full=0
Time=741000: empty=0, full=0, top_pc=0x0000000000001090
Time=744000: empty=0, full=0, top_pc=0x0000000000001090
Time=746000: empty=0, full=0, top_pc=0x0000000000001080
✓ After Pop 22 Top: TOP MATCH - PC=0x0000000000001080, ReconvPC=0x0000000000002080, Mask=0x0000000000000000000000000000000000000000000000000000000000000100
Time=749000: empty=0, full=0, top_pc=0x0000000000001080
Time=751000: empty=0, full=0, top_pc=0x0000000000001080
Time=754000: empty=0, full=0, top_pc=0x0000000000001080
✓ Before Pop 8: TOP MATCH - PC=0x0000000000001080, ReconvPC=0x0000000000002080, Mask=0x0000000000000000000000000000000000000000000000000000000000000100
Time=756000: empty=0, full=0, top_pc=0x0000000000001080
Time=759000: empty=0, full=0, top_pc=0x0000000000001080
Popped entry
Time=761000: empty=0, full=0, top_pc=0x0000000000001080
✓ After Pop 23: STATUS OK - empty=0, full=0
Time=764000: empty=0, full=0, top_pc=0x0000000000001080
Time=766000: empty=0, full=0, top_pc=0x0000000000001080
Time=769000: empty=0, full=0, top_pc=0x0000000000001070
✓ After Pop 23 Top: TOP MATCH - PC=0x0000000000001070, ReconvPC=0x0000000000002070, Mask=0x0000000000000000000000000000000000000000000000000000000000000080
Time=771000: empty=0, full=0, top_pc=0x0000000000001070
Time=774000: empty=0, full=0, top_pc=0x0000000000001070
Time=776000: empty=0, full=0, top_pc=0x0000000000001070
✓ Before Pop 7: TOP MATCH - PC=0x0000000000001070, ReconvPC=0x0000000000002070, Mask=0x0000000000000000000000000000000000000000000000000000000000000080
Time=779000: empty=0, full=0, top_pc=0x0000000000001070
Time=781000: empty=0, full=0, top_pc=0x0000000000001070
Popped entry
Time=784000: empty=0, full=0, top_pc=0x0000000000001070
✓ After Pop 24: STATUS OK - empty=0, full=0
Time=786000: empty=0, full=0, top_pc=0x0000000000001070
Time=789000: empty=0, full=0, top_pc=0x0000000000001070
Time=791000: empty=0, full=0, top_pc=0x0000000000001060
✓ After Pop 24 Top: TOP MATCH - PC=0x0000000000001060, ReconvPC=0x0000000000002060, Mask=0x0000000000000000000000000000000000000000000000000000000000000040
Time=794000: empty=0, full=0, top_pc=0x0000000000001060
Time=796000: empty=0, full=0, top_pc=0x0000000000001060
Time=799000: empty=0, full=0, top_pc=0x0000000000001060
✓ Before Pop 6: TOP MATCH - PC=0x0000000000001060, ReconvPC=0x0000000000002060, Mask=0x0000000000000000000000000000000000000000000000000000000000000040
Time=801000: empty=0, full=0, top_pc=0x0000000000001060
Time=804000: empty=0, full=0, top_pc=0x0000000000001060
Popped entry
Time=806000: empty=0, full=0, top_pc=0x0000000000001060
✓ After Pop 25: STATUS OK - empty=0, full=0
Time=809000: empty=0, full=0, top_pc=0x0000000000001060
Time=811000: empty=0, full=0, top_pc=0x0000000000001060
Time=814000: empty=0, full=0, top_pc=0x0000000000001050
✓ After Pop 25 Top: TOP MATCH - PC=0x0000000000001050, ReconvPC=0x0000000000002050, Mask=0x0000000000000000000000000000000000000000000000000000000000000020
Time=816000: empty=0, full=0, top_pc=0x0000000000001050
Time=819000: empty=0, full=0, top_pc=0x0000000000001050
Time=821000: empty=0, full=0, top_pc=0x0000000000001050
✓ Before Pop 5: TOP MATCH - PC=0x0000000000001050, ReconvPC=0x0000000000002050, Mask=0x0000000000000000000000000000000000000000000000000000000000000020
Time=824000: empty=0, full=0, top_pc=0x0000000000001050
Time=826000: empty=0, full=0, top_pc=0x0000000000001050
Popped entry
Time=829000: empty=0, full=0, top_pc=0x0000000000001050
✓ After Pop 26: STATUS OK - empty=0, full=0
Time=831000: empty=0, full=0, top_pc=0x0000000000001050
Time=834000: empty=0, full=0, top_pc=0x0000000000001050
Time=836000: empty=0, full=0, top_pc=0x0000000000001040
✓ After Pop 26 Top: TOP MATCH - PC=0x0000000000001040, ReconvPC=0x0000000000002040, Mask=0x0000000000000000000000000000000000000000000000000000000000000010
Time=839000: empty=0, full=0, top_pc=0x0000000000001040
Time=841000: empty=0, full=0, top_pc=0x0000000000001040
Time=844000: empty=0, full=0, top_pc=0x0000000000001040
✓ Before Pop 4: TOP MATCH - PC=0x0000000000001040, ReconvPC=0x0000000000002040, Mask=0x0000000000000000000000000000000000000000000000000000000000000010
Time=846000: empty=0, full=0, top_pc=0x0000000000001040
Time=849000: empty=0, full=0, top_pc=0x0000000000001040
Popped entry
Time=851000: empty=0, full=0, top_pc=0x0000000000001040
✓ After Pop 27: STATUS OK - empty=0, full=0
Time=854000: empty=0, full=0, top_pc=0x0000000000001040
Time=856000: empty=0, full=0, top_pc=0x0000000000001040
Time=859000: empty=0, full=0, top_pc=0x0000000000001030
✓ After Pop 27 Top: TOP MATCH - PC=0x0000000000001030, ReconvPC=0x0000000000002030, Mask=0x0000000000000000000000000000000000000000000000000000000000000008
Time=861000: empty=0, full=0, top_pc=0x0000000000001030
Time=864000: empty=0, full=0, top_pc=0x0000000000001030
Time=866000: empty=0, full=0, top_pc=0x0000000000001030
✓ Before Pop 3: TOP MATCH - PC=0x0000000000001030, ReconvPC=0x0000000000002030, Mask=0x0000000000000000000000000000000000000000000000000000000000000008
Time=869000: empty=0, full=0, top_pc=0x0000000000001030
Time=871000: empty=0, full=0, top_pc=0x0000000000001030
Popped entry
Time=874000: empty=0, full=0, top_pc=0x0000000000001030
✓ After Pop 28: STATUS OK - empty=0, full=0
Time=876000: empty=0, full=0, top_pc=0x0000000000001030
Time=879000: empty=0, full=0, top_pc=0x0000000000001030
Time=881000: empty=0, full=0, top_pc=0x0000000000001020
✓ After Pop 28 Top: TOP MATCH - PC=0x0000000000001020, ReconvPC=0x0000000000002020, Mask=0x0000000000000000000000000000000000000000000000000000000000000004
Time=884000: empty=0, full=0, top_pc=0x0000000000001020
Time=886000: empty=0, full=0, top_pc=0x0000000000001020
Time=889000: empty=0, full=0, top_pc=0x0000000000001020
✓ Before Pop 2: TOP MATCH - PC=0x0000000000001020, ReconvPC=0x0000000000002020, Mask=0x0000000000000000000000000000000000000000000000000000000000000004
Time=891000: empty=0, full=0, top_pc=0x0000000000001020
Time=894000: empty=0, full=0, top_pc=0x0000000000001020
Popped entry
Time=896000: empty=0, full=0, top_pc=0x0000000000001020
✓ After Pop 29: STATUS OK - empty=0, full=0
Time=899000: empty=0, full=0, top_pc=0x0000000000001020
Time=901000: empty=0, full=0, top_pc=0x0000000000001020
Time=904000: empty=0, full=0, top_pc=0x0000000000001010
✓ After Pop 29 Top: TOP MATCH - PC=0x0000000000001010, ReconvPC=0x0000000000002010, Mask=0x0000000000000000000000000000000000000000000000000000000000000002
Time=906000: empty=0, full=0, top_pc=0x0000000000001010
Time=909000: empty=0, full=0, top_pc=0x0000000000001010
Time=911000: empty=0, full=0, top_pc=0x0000000000001010
✓ Before Pop 1: TOP MATCH - PC=0x0000000000001010, ReconvPC=0x0000000000002010, Mask=0x0000000000000000000000000000000000000000000000000000000000000002
Time=914000: empty=0, full=0, top_pc=0x0000000000001010
Time=916000: empty=0, full=0, top_pc=0x0000000000001010
Popped entry
Time=919000: empty=0, full=0, top_pc=0x0000000000001010
✓ After Pop 30: STATUS OK - empty=0, full=0
Time=921000: empty=0, full=0, top_pc=0x0000000000001010
Time=924000: empty=0, full=0, top_pc=0x0000000000001010
Time=926000: empty=0, full=0, top_pc=0x0000000000001000
✓ After Pop 30 Top: TOP MATCH - PC=0x0000000000001000, ReconvPC=0x0000000000002000, Mask=0x0000000000000000000000000000000000000000000000000000000000000001
Time=929000: empty=0, full=0, top_pc=0x0000000000001000
Time=931000: empty=0, full=0, top_pc=0x0000000000001000
Popped entry
Time=934000: empty=1, full=0, top_pc=0x0000000000001000
✓ After Pop All: STATUS OK - empty=1, full=0

--- Test 9: Push/Pop Sequence ---
Time=936000: empty=1, full=0, top_pc=0x0000000000001000
Time=939000: empty=1, full=0, top_pc=0x0000000000001000
Pushed entry 0: PC=0x0000000000001000, ReconvPC=0x0000000000002000, Mask=0x0000000000000000000000000000000000000000000000000000000000000001
Time=941000: empty=0, full=0, top_pc=0x0000000000001000
Time=944000: empty=0, full=0, top_pc=0x0000000000001000
Pushed entry 1: PC=0x0000000000001010, ReconvPC=0x0000000000002010, Mask=0x0000000000000000000000000000000000000000000000000000000000000002
Time=946000: empty=0, full=0, top_pc=0x0000000000001000
✓ Push Two: STATUS OK - empty=0, full=0
Time=949000: empty=0, full=0, top_pc=0x0000000000001000
Time=951000: empty=0, full=0, top_pc=0x0000000000001000
Time=954000: empty=0, full=0, top_pc=0x0000000000001010
✓ Push Two Top: TOP MATCH - PC=0x0000000000001010, ReconvPC=0x0000000000002010, Mask=0x0000000000000000000000000000000000000000000000000000000000000002
Time=956000: empty=0, full=0, top_pc=0x0000000000001010
Time=959000: empty=0, full=0, top_pc=0x0000000000001010
Popped entry
Time=961000: empty=0, full=0, top_pc=0x0000000000001010
✓ Pop One: STATUS OK - empty=0, full=0
Time=964000: empty=0, full=0, top_pc=0x0000000000001010
Time=966000: empty=0, full=0, top_pc=0x0000000000001010
Time=969000: empty=0, full=0, top_pc=0x0000000000001000
✓ Pop One Top: TOP MATCH - PC=0x0000000000001000, ReconvPC=0x0000000000002000, Mask=0x0000000000000000000000000000000000000000000000000000000000000001
Time=971000: empty=0, full=0, top_pc=0x0000000000001000
Time=974000: empty=0, full=0, top_pc=0x0000000000001000
Popped entry
Time=976000: empty=1, full=0, top_pc=0x0000000000001000
✓ Pop All: STATUS OK - empty=1, full=0

--- Test 10: Modify Top on Empty Stack ---
Time=979000: empty=1, full=0, top_pc=0x0000000000001000
Time=981000: empty=1, full=0, top_pc=0x0000000000001000
xmsim: *E,ERRSEV (/data/jwang710/dice-rtl/cgra_core/cta_schedule/simt_stack.sv,161): (time 981250 PS).
tb_simt_stack.dut
SIMT Stack: trying to modify top of empty stack
Modified top with entry 5: PC=0x0000000000001050, ReconvPC=0x0000000000002050, Mask=0x0000000000000000000000000000000000000000000000000000000000000020
Time=984000: empty=1, full=0, top_pc=0x0000000000001000
✓ Modify Empty Stack: STATUS OK - empty=1, full=0

--- Test 11: Complex Sequence ---
Time=986000: empty=1, full=0, top_pc=0x0000000000001000
Time=989000: empty=1, full=0, top_pc=0x0000000000001000
Pushed entry 0: PC=0x0000000000001000, ReconvPC=0x0000000000002000, Mask=0x0000000000000000000000000000000000000000000000000000000000000001
Time=991000: empty=0, full=0, top_pc=0x0000000000001000
Time=994000: empty=0, full=0, top_pc=0x0000000000001000
Pushed entry 1: PC=0x0000000000001010, ReconvPC=0x0000000000002010, Mask=0x0000000000000000000000000000000000000000000000000000000000000002
Time=996000: empty=0, full=0, top_pc=0x0000000000001000
Time=999000: empty=0, full=0, top_pc=0x0000000000001000
Modified top with entry 2: PC=0x0000000000001020, ReconvPC=0x0000000000002020, Mask=0x0000000000000000000000000000000000000000000000000000000000000004
Time=1001000: empty=0, full=0, top_pc=0x0000000000001000
Time=1004000: empty=0, full=0, top_pc=0x0000000000001000
Time=1006000: empty=0, full=0, top_pc=0x0000000000001020
✓ Complex Modify Top: TOP MATCH - PC=0x0000000000001020, ReconvPC=0x0000000000002020, Mask=0x0000000000000000000000000000000000000000000000000000000000000004
Time=1009000: empty=0, full=0, top_pc=0x0000000000001020
Time=1011000: empty=0, full=0, top_pc=0x0000000000001020
Pushed entry 3: PC=0x0000000000001030, ReconvPC=0x0000000000002030, Mask=0x0000000000000000000000000000000000000000000000000000000000000008
Time=1014000: empty=0, full=0, top_pc=0x0000000000001020
Time=1016000: empty=0, full=0, top_pc=0x0000000000001020
Time=1019000: empty=0, full=0, top_pc=0x0000000000001030
✓ Complex Push Top: TOP MATCH - PC=0x0000000000001030, ReconvPC=0x0000000000002030, Mask=0x0000000000000000000000000000000000000000000000000000000000000008
Time=1021000: empty=0, full=0, top_pc=0x0000000000001030
✓ Complex Status: STATUS OK - empty=0, full=0
Time=1024000: empty=0, full=0, top_pc=0x0000000000001030
Time=1026000: empty=0, full=0, top_pc=0x0000000000001030
Popped entry
Time=1029000: empty=0, full=0, top_pc=0x0000000000001030
Time=1031000: empty=0, full=0, top_pc=0x0000000000001030
Time=1034000: empty=0, full=0, top_pc=0x0000000000001020
✓ Complex Pop 1: TOP MATCH - PC=0x0000000000001020, ReconvPC=0x0000000000002020, Mask=0x0000000000000000000000000000000000000000000000000000000000000004
Time=1036000: empty=0, full=0, top_pc=0x0000000000001020
Time=1039000: empty=0, full=0, top_pc=0x0000000000001020
Popped entry
Time=1041000: empty=0, full=0, top_pc=0x0000000000001020
Time=1044000: empty=0, full=0, top_pc=0x0000000000001020
Time=1046000: empty=0, full=0, top_pc=0x0000000000001000
✓ Complex Pop 2: TOP MATCH - PC=0x0000000000001000, ReconvPC=0x0000000000002000, Mask=0x0000000000000000000000000000000000000000000000000000000000000001
Time=1049000: empty=0, full=0, top_pc=0x0000000000001000
Time=1051000: empty=0, full=0, top_pc=0x0000000000001000
Popped entry
Time=1054000: empty=1, full=0, top_pc=0x0000000000001000
✓ Complex Final: STATUS OK - empty=1, full=0

=== Test Summary ===
Total Tests: 116
Passed: 116
Failed: 0
🎉 ALL TESTS PASSED!
Simulation complete via $finish(1) at time 1055 NS + 0
./tb_simt_stack.sv:326         $finish;
xcelium> exit
TOOL:	xmverilog	22.09-s001: Exiting on Jul 14, 2025 at 00:32:55 PDT  (total: 00:00:01)
